SessionID=fc7d67ea-03a5-4106-8411-9bfb53dfcd29.1643004126368 Timestamp=2022-01-24T13:02:06:368+0700 ThreadID=5356 Component=ngl-lib_NglAppLib Description="-------- Initializing session logs --------"
SessionID=fc7d67ea-03a5-4106-8411-9bfb53dfcd29.1643004126368 Timestamp=2022-01-24T13:02:06:372+0700 ThreadID=5356 Component=ngl-lib_kOperatingConfig Description="GetRuntimeDetails: No operating configs found"
SessionID=fc7d67ea-03a5-4106-8411-9bfb53dfcd29.1643004126368 Timestamp=2022-01-24T13:02:06:372+0700 ThreadID=5356 Component=ngl-lib_kOperatingConfig Description="GetRuntimeDetails: Fallback to NAMED_USER_ONLINE!!"
SessionID=fc7d67ea-03a5-4106-8411-9bfb53dfcd29.1643004126368 Timestamp=2022-01-24T13:02:06:372+0700 ThreadID=5356 Component=ngl-lib_NglAppLib Description="SetConfig: OS Name=WINDOWS_64, OS Version=10.0.19042.1"
SessionID=fc7d67ea-03a5-4106-8411-9bfb53dfcd29.1643004126368 Timestamp=2022-01-24T13:02:06:373+0700 ThreadID=5356 Component=ngl-lib_NglAppLib Description="SetConfig: NGLLibVersion=1.28.0.10, Environment=5, Runtimemode=NAMED_USER_ONLINE, NpdID="
SessionID=fc7d67ea-03a5-4106-8411-9bfb53dfcd29.1643004126368 Timestamp=2022-01-24T13:02:06:373+0700 ThreadID=5356 Component=ngl-lib_NglAppLib Description="SetConfig succeeded - SetConfig: ClientID=ngl_acrobat_reader1, AppID=AcrobatReader1, AppVersion=21.11.20039.6, NglRunMode=0"
SessionID=fc7d67ea-03a5-4106-8411-9bfb53dfcd29.1643004126368 Timestamp=2022-01-24T13:02:06:382+0700 ThreadID=5356 Component=ngl-lib_NglAppLib Description="SetConfig: Isotropic0.1640312221000.0"
SessionID=fc7d67ea-03a5-4106-8411-9bfb53dfcd29.1643004126368 Timestamp=2022-01-24T13:02:06:383+0700 ThreadID=5356 Component=ngl-lib_ NglIngestManager Description="NglIngestManager : Initializing Ingest Manager"
SessionID=fc7d67ea-03a5-4106-8411-9bfb53dfcd29.1643004126368 Timestamp=2022-01-24T13:02:06:383+0700 ThreadID=5356 Component=ngl-lib_ NglIngestManager Description="StartIngestService :  Ingest manager started."
SessionID=fc7d67ea-03a5-4106-8411-9bfb53dfcd29.1643004126368 Timestamp=2022-01-24T13:02:06:384+0700 ThreadID=5356 Component=ngl-lib_ NglIngestManager Description="StartIngestService :  Ingest Monitor success thread started."
SessionID=fc7d67ea-03a5-4106-8411-9bfb53dfcd29.1643004126368 Timestamp=2022-01-24T13:02:06:384+0700 ThreadID=5356 Component=ngl-lib_NglController Description="SetNglWorkflowParams: CEF-Resource AcrobatMode: 1"
SessionID=fc7d67ea-03a5-4106-8411-9bfb53dfcd29.1643004126368 Timestamp=2022-01-24T13:02:06:399+0700 ThreadID=5356 Component=ngl-lib_NglController Description="VerifyAndSetNglWfDirPath: Path: \adobe_licensing_wf_acro.exe"
SessionID=fc7d67ea-03a5-4106-8411-9bfb53dfcd29.1643004126368 Timestamp=2022-01-24T13:02:06:410+0700 ThreadID=5356 Component=ngl-lib_DataStorage Description="GetFromUserStorage error 1168 data not found in storage."
SessionID=fc7d67ea-03a5-4106-8411-9bfb53dfcd29.1643004126368 Timestamp=2022-01-24T13:02:06:410+0700 ThreadID=5356 Component=ngl-lib_UserPrincipalDao Description="GetUserPrincipal failed in GetUserProfile, status: 8"
SessionID=fc7d67ea-03a5-4106-8411-9bfb53dfcd29.1643004126368 Timestamp=2022-01-24T13:02:06:410+0700 ThreadID=5356 Component=ngl-lib_ NglIngestManager ErrorID=322 Description="GetAccessToken : Failed to fetch access token"
SessionID=fc7d67ea-03a5-4106-8411-9bfb53dfcd29.1643004126368 Timestamp=2022-01-24T13:02:06:414+0700 ThreadID=5356 Component=ngl-lib_DataStorage Description="GetFromUserStorage error 1168 data not found in storage."
SessionID=fc7d67ea-03a5-4106-8411-9bfb53dfcd29.1643004126368 Timestamp=2022-01-24T13:02:06:454+0700 ThreadID=2452 Component=ngl-lib_ NglIngestManager Description="ProcessNglIngestEvents : Ingest Process - Started"
SessionID=fc7d67ea-03a5-4106-8411-9bfb53dfcd29.1643004126368 Timestamp=2022-01-24T13:02:06:454+0700 ThreadID=2452 Component=ngl-lib_ NglIngestManager Description="ProcessNglIngestEvents :  Ingest manager State: Running "
SessionID=fc7d67ea-03a5-4106-8411-9bfb53dfcd29.1643004126368 Timestamp=2022-01-24T13:02:06:454+0700 ThreadID=1116 Component=ngl-lib_ NglIngestManager Description="MonitorSuccessEventsThread : Ingest Success Event Monitor - Started"
SessionID=fc7d67ea-03a5-4106-8411-9bfb53dfcd29.1643004126368 Timestamp=2022-01-24T13:02:06:467+0700 ThreadID=5356 Component=ngl-lib_HttpRestConnectorForPost Description="SendHttpRequestSync: Request about to start"
SessionID=fc7d67ea-03a5-4106-8411-9bfb53dfcd29.1643004126368 Timestamp=2022-01-24T13:02:06:473+0700 ThreadID=5356 Component=ngl-lib_HttpRestConnectorForPost Description="SendHttpRequestSyncInternal detected Windows version >= 8.1, using auto proxy settings"
SessionID=fc7d67ea-03a5-4106-8411-9bfb53dfcd29.1643004126368 Timestamp=2022-01-24T13:02:06:576+0700 ThreadID=5356 Component=ngl-lib_HttpRestConnectorForPost Description="SendHttpRequestSyncInternal: Calling endpoint https://cc-api-data.adobe.io/ingest"
SessionID=fc7d67ea-03a5-4106-8411-9bfb53dfcd29.1643004126368 Timestamp=2022-01-24T13:02:07:966+0700 ThreadID=5356 Component=ngl-lib_HttpRestConnectorForPost Description="SendHttpRequestSyncInternal: Received response with status 200"
SessionID=fc7d67ea-03a5-4106-8411-9bfb53dfcd29.1643004126368 Timestamp=2022-01-24T13:02:07:972+0700 ThreadID=5356 Component=ngl-lib_HttpRestConnectorForPost Description="SendHttpRequestSync: Request complete"
SessionID=fc7d67ea-03a5-4106-8411-9bfb53dfcd29.1643004126368 Timestamp=2022-01-24T13:02:07:973+0700 ThreadID=5356 Component=ngl-lib_NglController Description="VerifyAndSetNglWfDirPath: WF executable(s) not found"
SessionID=fc7d67ea-03a5-4106-8411-9bfb53dfcd29.1643004126368 Timestamp=2022-01-24T13:02:08:067+0700 ThreadID=5356 Component=ngl-lib_NglController Description="SetNglWorkflowParams: Workflow dependencies missing, fallback to IE"
SessionID=fc7d67ea-03a5-4106-8411-9bfb53dfcd29.1643004126368 Timestamp=2022-01-24T13:02:08:067+0700 ThreadID=5356 Component=ngl-lib_OSUtil Description="SetEmbeddedBrowserVersion: EmbeddedBrowserVersion: IE-11.789.19041.0"
SessionID=fc7d67ea-03a5-4106-8411-9bfb53dfcd29.1643004126368 Timestamp=2022-01-24T13:02:08:067+0700 ThreadID=5356 Component=ngl-lib_NglController Description="NglController: constructor invoked in 4 license mode, NglRunMode - 0 & ReInitStatus failure"
SessionID=fc7d67ea-03a5-4106-8411-9bfb53dfcd29.1643004126368 Timestamp=2022-01-24T13:02:08:070+0700 ThreadID=5356 Component=ngl-lib_NGLWorkflow Description="IsIEBrowserWFEnabled: Log IE Browser WF enabled: No"
SessionID=fc7d67ea-03a5-4106-8411-9bfb53dfcd29.1643004126368 Timestamp=2022-01-24T13:02:08:071+0700 ThreadID=5356 Component=ngl-lib_NglController Description="InitializeProfileUpdates: invoked and running in headed mode"
SessionID=fc7d67ea-03a5-4106-8411-9bfb53dfcd29.1643004126368 Timestamp=2022-01-24T13:02:08:071+0700 ThreadID=5356 Component=ngl-lib_NglController Description="ExecuteRequest: request id: 1 api: 0 data?: no workflow?: no"
SessionID=fc7d67ea-03a5-4106-8411-9bfb53dfcd29.1643004126368 Timestamp=2022-01-24T13:02:08:072+0700 ThreadID=5356 Component=ngl-lib_NglController Description="ExecuteRequest: request id: 2 api: 0 data?: no workflow?: no"
SessionID=fc7d67ea-03a5-4106-8411-9bfb53dfcd29.1643004126368 Timestamp=2022-01-24T13:02:08:072+0700 ThreadID=5356 Component=ngl-lib_NglController Description="InitializeProfileUpdates: Initial internal status = 1"
SessionID=fc7d67ea-03a5-4106-8411-9bfb53dfcd29.1643004126368 Timestamp=2022-01-24T13:02:08:072+0700 ThreadID=5356 Component=ngl-lib_NglController Description="LogCurrentUser: CachedNotValidated UserID=0"
SessionID=fc7d67ea-03a5-4106-8411-9bfb53dfcd29.1643004126368 Timestamp=2022-01-24T13:02:08:081+0700 ThreadID=3124 Component=ngl-lib_NglController Description="GetAMTData: invoked"
SessionID=fc7d67ea-03a5-4106-8411-9bfb53dfcd29.1643004126368 Timestamp=2022-01-24T13:02:08:081+0700 ThreadID=3124 Component=ngl-lib_NglController Description="GetIntersectionOfLocalesList: invoked with Passed locales list as en_US"
SessionID=fc7d67ea-03a5-4106-8411-9bfb53dfcd29.1643004126368 Timestamp=2022-01-24T13:02:08:081+0700 ThreadID=3124 Component=ngl-lib_NglController Description="GetIntersectionOfLocalesList: Reordered locales list is identical to passed locales as no installed locales were found."
SessionID=fc7d67ea-03a5-4106-8411-9bfb53dfcd29.1643004126368 Timestamp=2022-01-24T13:02:08:090+0700 ThreadID=3124 Component=ngl-lib_NglController Description="GetProxyCredentials: invoked"
SessionID=fc7d67ea-03a5-4106-8411-9bfb53dfcd29.1643004126368 Timestamp=2022-01-24T13:02:08:091+0700 ThreadID=3124 Component=ngl-lib_DataStorage Description="GetFromUserStorage error 1168 data not found in storage."
SessionID=fc7d67ea-03a5-4106-8411-9bfb53dfcd29.1643004126368 Timestamp=2022-01-24T13:02:08:091+0700 ThreadID=3124 Component=ngl-lib_NglCommonLib Description="GetProxyCredentials - returned with : SecureStorageStatus:8 & NglStatusCode:242"
SessionID=fc7d67ea-03a5-4106-8411-9bfb53dfcd29.1643004126368 Timestamp=2022-01-24T13:02:08:471+0700 ThreadID=3124 Component=ngl-lib_NglController Description="GetAMTData: invoked"
SessionID=fc7d67ea-03a5-4106-8411-9bfb53dfcd29.1643004126368 Timestamp=2022-01-24T13:02:08:471+0700 ThreadID=3124 Component=ngl-lib_NglController Description="GetIntersectionOfLocalesList: invoked with Passed locales list as en_US,cs_CZ,da_DK,de_DE,es_ES,fi_FI,fr_FR,hr_HR,hu_HU,it_IT,ja_JP,ko_KR,nb_NO,nl_NL,pl_PL,pt_BR,ro_RO,ru_RU,sk_SK,sl_SI,sv_SE,tr_TR,uk_UA,zh_CN,zh_TW,fr_MA,en_AE,en_IL"
SessionID=fc7d67ea-03a5-4106-8411-9bfb53dfcd29.1643004126368 Timestamp=2022-01-24T13:02:08:472+0700 ThreadID=3124 Component=ngl-lib_NglController Description="GetIntersectionOfLocalesList: Reordered locales list is identical to passed locales as no installed locales were found."
SessionID=fc7d67ea-03a5-4106-8411-9bfb53dfcd29.1643004126368 Timestamp=2022-01-24T13:02:08:472+0700 ThreadID=3124 Component=ngl-lib_NglController Description="InitializeWorkflows: invoked"
SessionID=fc7d67ea-03a5-4106-8411-9bfb53dfcd29.1643004126368 Timestamp=2022-01-24T13:02:08:472+0700 ThreadID=3124 Component=ngl-lib_NglAppLib Description="SetAppRuntimeConfig: AppLocale=en_US"
SessionID=fc7d67ea-03a5-4106-8411-9bfb53dfcd29.1643004126368 Timestamp=2022-01-24T13:02:08:481+0700 ThreadID=3884 Component=ngl-lib_NglController Description="InitialProfileTimer: app is licensed"
SessionID=fc7d67ea-03a5-4106-8411-9bfb53dfcd29.1643004126368 Timestamp=2022-01-24T13:02:08:482+0700 ThreadID=3124 Component=ngl-lib_NglController Description="GetNglMenuItems: invoked"
SessionID=fc7d67ea-03a5-4106-8411-9bfb53dfcd29.1643004126368 Timestamp=2022-01-24T13:02:08:488+0700 ThreadID=3884 Component=ngl-lib_DataStorage Description="GetFromUserStorage error 1168 data not found in storage."
SessionID=fc7d67ea-03a5-4106-8411-9bfb53dfcd29.1643004126368 Timestamp=2022-01-24T13:02:08:591+0700 ThreadID=3884 Component=ngl-lib_NUSecureProfileFetcher Description="GetDeviceTokenAndProfile : invoked"
SessionID=fc7d67ea-03a5-4106-8411-9bfb53dfcd29.1643004126368 Timestamp=2022-01-24T13:02:08:592+0700 ThreadID=3884 Component=ngl-lib_DataStorage Description="GetFromUserStorage error 1168 data not found in storage."
SessionID=fc7d67ea-03a5-4106-8411-9bfb53dfcd29.1643004126368 Timestamp=2022-01-24T13:02:08:592+0700 ThreadID=3884 Component=ngl-lib_UserPrincipalDao Description="GetUserPrincipal failed in GetUserProfile, status: 8"
SessionID=fc7d67ea-03a5-4106-8411-9bfb53dfcd29.1643004126368 Timestamp=2022-01-24T13:02:08:592+0700 ThreadID=3884 Component=ngl-lib_NUSecureProfileFetcher Description="operator () : Blocking initial unauth call for unlicensed app (principal not found)"
SessionID=fc7d67ea-03a5-4106-8411-9bfb53dfcd29.1643004126368 Timestamp=2022-01-24T13:02:08:592+0700 ThreadID=3884 Component=ngl-lib_NglAppLib ErrorID=255 Description="GetLatestNglProfile Status: Unlicensed apps are denied to reach out to COPS if there is no user signed in"
SessionID=fc7d67ea-03a5-4106-8411-9bfb53dfcd29.1643004126368 Timestamp=2022-01-24T13:02:08:592+0700 ThreadID=3884 Component=ngl-lib_NglController Description="ProcessV2Profile: request id: 2 api: 0 call-status: 255 profile-status: 403 sequence: initial workflow?: no spinner?: no"
SessionID=fc7d67ea-03a5-4106-8411-9bfb53dfcd29.1643004126368 Timestamp=2022-01-24T13:02:08:593+0700 ThreadID=3884 Component=ngl-lib_NglController Description="HandleV2Response: Cannot handle undefined response (request 2 type 9 status 403 sequence initial)"
SessionID=fc7d67ea-03a5-4106-8411-9bfb53dfcd29.1643004126368 Timestamp=2022-01-24T13:02:08:593+0700 ThreadID=3884 Component=ngl-lib_NglController Description="ProcessV2Profile: request id: 2 api: 0 call-status: 255 profile-status: 403 sequence: initial workflow?: no spinner?: no"
SessionID=fc7d67ea-03a5-4106-8411-9bfb53dfcd29.1643004126368 Timestamp=2022-01-24T13:02:08:641+0700 ThreadID=3884 Component=ngl-lib_NglController Description="ProcessV2Profile: Initial profile fetch failed, use cached profile"
SessionID=fc7d67ea-03a5-4106-8411-9bfb53dfcd29.1643004126368 Timestamp=2022-01-24T13:02:08:641+0700 ThreadID=3884 Component=ngl-lib_NglController Description="ProcessV2Profile: Initial profile failure: no cache (profile status 1)"
SessionID=fc7d67ea-03a5-4106-8411-9bfb53dfcd29.1643004126368 Timestamp=2022-01-24T13:02:08:641+0700 ThreadID=3884 Component=ngl-lib_NglController Description="NotifyData: request id: 2 api: 0"
SessionID=fc7d67ea-03a5-4106-8411-9bfb53dfcd29.1643004126368 Timestamp=2022-01-24T13:02:08:644+0700 ThreadID=3884 Component=ngl-lib_NglController Description="GetProfile: request 2 recieved"
SessionID=fc7d67ea-03a5-4106-8411-9bfb53dfcd29.1643004126368 Timestamp=2022-01-24T13:02:08:645+0700 ThreadID=3884 Component=ngl-lib_NglController Description="GetProfile: request 2 returned status 403"
SessionID=fc7d67ea-03a5-4106-8411-9bfb53dfcd29.1643004126368 Timestamp=2022-01-24T13:02:08:834+0700 ThreadID=3124 Component=ngl-lib_NglController Description="GetProfile: request 2 recieved"
SessionID=fc7d67ea-03a5-4106-8411-9bfb53dfcd29.1643004126368 Timestamp=2022-01-24T13:02:08:834+0700 ThreadID=3124 Component=ngl-lib_NglController Description="GetProfile: request 2 returned status 403"
SessionID=fc7d67ea-03a5-4106-8411-9bfb53dfcd29.1643004126368 Timestamp=2022-01-24T13:02:08:834+0700 ThreadID=3124 Component=ngl-lib_NglController Description="GetAMTData: invoked"
SessionID=fc7d67ea-03a5-4106-8411-9bfb53dfcd29.1643004126368 Timestamp=2022-01-24T13:02:08:834+0700 ThreadID=3124 Component=ngl-lib_NglController Description="GetIntersectionOfLocalesList: invoked with Passed locales list as en_US"
SessionID=fc7d67ea-03a5-4106-8411-9bfb53dfcd29.1643004126368 Timestamp=2022-01-24T13:02:08:835+0700 ThreadID=3124 Component=ngl-lib_NglController Description="GetIntersectionOfLocalesList: Reordered locales list is identical to passed locales as no installed locales were found."
SessionID=fc7d67ea-03a5-4106-8411-9bfb53dfcd29.1643004126368 Timestamp=2022-01-24T13:02:08:835+0700 ThreadID=3124 Component=ngl-lib_NglController Description="GetProxyCredentials: invoked"
SessionID=fc7d67ea-03a5-4106-8411-9bfb53dfcd29.1643004126368 Timestamp=2022-01-24T13:02:08:836+0700 ThreadID=3124 Component=ngl-lib_DataStorage Description="GetFromUserStorage error 1168 data not found in storage."
SessionID=fc7d67ea-03a5-4106-8411-9bfb53dfcd29.1643004126368 Timestamp=2022-01-24T13:02:08:837+0700 ThreadID=3124 Component=ngl-lib_NglCommonLib Description="GetProxyCredentials - returned with : SecureStorageStatus:8 & NglStatusCode:242"
SessionID=fc7d67ea-03a5-4106-8411-9bfb53dfcd29.1643004126368 Timestamp=2022-01-24T13:02:08:842+0700 ThreadID=3124 Component=ngl-lib_NglController Description="GetProxyCredentials: invoked"
SessionID=fc7d67ea-03a5-4106-8411-9bfb53dfcd29.1643004126368 Timestamp=2022-01-24T13:02:08:843+0700 ThreadID=3124 Component=ngl-lib_DataStorage Description="GetFromUserStorage error 1168 data not found in storage."
SessionID=fc7d67ea-03a5-4106-8411-9bfb53dfcd29.1643004126368 Timestamp=2022-01-24T13:02:08:843+0700 ThreadID=3124 Component=ngl-lib_NglCommonLib Description="GetProxyCredentials - returned with : SecureStorageStatus:8 & NglStatusCode:242"
SessionID=fc7d67ea-03a5-4106-8411-9bfb53dfcd29.1643004126368 Timestamp=2022-01-24T13:02:08:863+0700 ThreadID=3124 Component=ngl-lib_NglController Description="GetCurrentUserEmail: invoked"
SessionID=fc7d67ea-03a5-4106-8411-9bfb53dfcd29.1643004126368 Timestamp=2022-01-24T13:02:32:070+0700 ThreadID=3124 Component=ngl-lib_ NglIngestManager Description="CleanEventQ : Cleared Ingest Event"
SessionID=fc7d67ea-03a5-4106-8411-9bfb53dfcd29.1643004126368 Timestamp=2022-01-24T13:02:32:075+0700 ThreadID=1116 Component=ngl-lib_ NglIngestManager Description="MonitorSuccessEventsThread : Ingest Success Event Monitor - Finished"
SessionID=fc7d67ea-03a5-4106-8411-9bfb53dfcd29.1643004126368 Timestamp=2022-01-24T13:02:32:075+0700 ThreadID=2452 Component=ngl-lib_ NglIngestManager Description="ProcessNglIngestEvents : Ingest Process - Finished"
SessionID=fc7d67ea-03a5-4106-8411-9bfb53dfcd29.1643004126368 Timestamp=2022-01-24T13:02:32:081+0700 ThreadID=3124 Component=ngl-lib_ NglIngestManager Description="~NglIngestManager :  Ingest manager destroyed successfully."
SessionID=fc7d67ea-03a5-4106-8411-9bfb53dfcd29.1643004126368 Timestamp=2022-01-24T13:02:32:082+0700 ThreadID=3124 Component=ngl-lib_ NglIngestManager Description="Shutdown :  Ingest manager shutdown."
SessionID=fc7d67ea-03a5-4106-8411-9bfb53dfcd29.1643004126368 Timestamp=2022-01-24T13:02:32:082+0700 ThreadID=3124 Component=ngl-lib_HttpRequest Description="CancelAllRequests Invoked"
SessionID=fc7d67ea-03a5-4106-8411-9bfb53dfcd29.1643004126368 Timestamp=2022-01-24T13:02:32:082+0700 ThreadID=3124 Component=ngl-lib_NglController Description="-------- Terminating session logs --------"
