SessionID=76ecdfcc-a9cc-4a56-9ed8-a51c250596f0.1643004164138 Timestamp=2022-01-24T13:02:44:138+0700 ThreadID=8764 Component=ngl-lib_NglAppLib Description="-------- Initializing session logs --------"
SessionID=76ecdfcc-a9cc-4a56-9ed8-a51c250596f0.1643004164138 Timestamp=2022-01-24T13:02:44:141+0700 ThreadID=8764 Component=ngl-lib_kOperatingConfig Description="GetRuntimeDetails: No operating configs found"
SessionID=76ecdfcc-a9cc-4a56-9ed8-a51c250596f0.1643004164138 Timestamp=2022-01-24T13:02:44:141+0700 ThreadID=8764 Component=ngl-lib_kOperatingConfig Description="GetRuntimeDetails: Fallback to NAMED_USER_ONLINE!!"
SessionID=76ecdfcc-a9cc-4a56-9ed8-a51c250596f0.1643004164138 Timestamp=2022-01-24T13:02:44:141+0700 ThreadID=8764 Component=ngl-lib_NglAppLib Description="SetConfig: OS Name=WINDOWS_64, OS Version=10.0.19042.1"
SessionID=76ecdfcc-a9cc-4a56-9ed8-a51c250596f0.1643004164138 Timestamp=2022-01-24T13:02:44:142+0700 ThreadID=8764 Component=ngl-lib_NglAppLib Description="SetConfig: NGLLibVersion=1.28.0.10, Environment=5, Runtimemode=NAMED_USER_ONLINE, NpdID="
SessionID=76ecdfcc-a9cc-4a56-9ed8-a51c250596f0.1643004164138 Timestamp=2022-01-24T13:02:44:142+0700 ThreadID=8764 Component=ngl-lib_NglAppLib Description="SetConfig succeeded - SetConfig: ClientID=ngl_acrobat_reader1, AppID=AcrobatReader1, AppVersion=21.11.20039.6, NglRunMode=0"
SessionID=76ecdfcc-a9cc-4a56-9ed8-a51c250596f0.1643004164138 Timestamp=2022-01-24T13:02:44:143+0700 ThreadID=8764 Component=ngl-lib_NglAppLib Description="SetConfig: Isotropic0.1640312221000.0"
SessionID=76ecdfcc-a9cc-4a56-9ed8-a51c250596f0.1643004164138 Timestamp=2022-01-24T13:02:44:143+0700 ThreadID=8764 Component=ngl-lib_ NglIngestManager Description="NglIngestManager : Initializing Ingest Manager"
SessionID=76ecdfcc-a9cc-4a56-9ed8-a51c250596f0.1643004164138 Timestamp=2022-01-24T13:02:44:143+0700 ThreadID=8764 Component=ngl-lib_ NglIngestManager Description="StartIngestService :  Ingest manager started."
SessionID=76ecdfcc-a9cc-4a56-9ed8-a51c250596f0.1643004164138 Timestamp=2022-01-24T13:02:44:143+0700 ThreadID=1604 Component=ngl-lib_ NglIngestManager Description="ProcessNglIngestEvents : Ingest Process - Started"
SessionID=76ecdfcc-a9cc-4a56-9ed8-a51c250596f0.1643004164138 Timestamp=2022-01-24T13:02:44:144+0700 ThreadID=8764 Component=ngl-lib_ NglIngestManager Description="StartIngestService :  Ingest Monitor success thread started."
SessionID=76ecdfcc-a9cc-4a56-9ed8-a51c250596f0.1643004164138 Timestamp=2022-01-24T13:02:44:144+0700 ThreadID=5756 Component=ngl-lib_ NglIngestManager Description="MonitorSuccessEventsThread : Ingest Success Event Monitor - Started"
SessionID=76ecdfcc-a9cc-4a56-9ed8-a51c250596f0.1643004164138 Timestamp=2022-01-24T13:02:44:144+0700 ThreadID=1604 Component=ngl-lib_ NglIngestManager Description="ProcessNglIngestEvents :  Ingest manager State: Running "
SessionID=76ecdfcc-a9cc-4a56-9ed8-a51c250596f0.1643004164138 Timestamp=2022-01-24T13:02:44:144+0700 ThreadID=8764 Component=ngl-lib_NglController Description="SetNglWorkflowParams: CEF-Resource AcrobatMode: 1"
SessionID=76ecdfcc-a9cc-4a56-9ed8-a51c250596f0.1643004164138 Timestamp=2022-01-24T13:02:44:144+0700 ThreadID=8764 Component=ngl-lib_NglController Description="VerifyAndSetNglWfDirPath: Path: \adobe_licensing_wf_acro.exe"
SessionID=76ecdfcc-a9cc-4a56-9ed8-a51c250596f0.1643004164138 Timestamp=2022-01-24T13:02:44:173+0700 ThreadID=8764 Component=ngl-lib_DataStorage Description="GetFromUserStorage error 1168 data not found in storage."
SessionID=76ecdfcc-a9cc-4a56-9ed8-a51c250596f0.1643004164138 Timestamp=2022-01-24T13:02:44:173+0700 ThreadID=8764 Component=ngl-lib_UserPrincipalDao Description="GetUserPrincipal failed in GetUserProfile, status: 8"
SessionID=76ecdfcc-a9cc-4a56-9ed8-a51c250596f0.1643004164138 Timestamp=2022-01-24T13:02:44:173+0700 ThreadID=8764 Component=ngl-lib_ NglIngestManager ErrorID=322 Description="GetAccessToken : Failed to fetch access token"
SessionID=76ecdfcc-a9cc-4a56-9ed8-a51c250596f0.1643004164138 Timestamp=2022-01-24T13:02:44:201+0700 ThreadID=8764 Component=ngl-lib_DataStorage Description="GetFromUserStorage error 1168 data not found in storage."
SessionID=76ecdfcc-a9cc-4a56-9ed8-a51c250596f0.1643004164138 Timestamp=2022-01-24T13:02:44:202+0700 ThreadID=8764 Component=ngl-lib_HttpRestConnectorForPost Description="SendHttpRequestSync: Request about to start"
SessionID=76ecdfcc-a9cc-4a56-9ed8-a51c250596f0.1643004164138 Timestamp=2022-01-24T13:02:44:203+0700 ThreadID=8764 Component=ngl-lib_HttpRestConnectorForPost Description="SendHttpRequestSyncInternal detected Windows version >= 8.1, using auto proxy settings"
SessionID=76ecdfcc-a9cc-4a56-9ed8-a51c250596f0.1643004164138 Timestamp=2022-01-24T13:02:44:278+0700 ThreadID=8764 Component=ngl-lib_HttpRestConnectorForPost Description="SendHttpRequestSyncInternal: Calling endpoint https://cc-api-data.adobe.io/ingest"
SessionID=76ecdfcc-a9cc-4a56-9ed8-a51c250596f0.1643004164138 Timestamp=2022-01-24T13:02:46:027+0700 ThreadID=8764 Component=ngl-lib_HttpRestConnectorForPost Description="SendHttpRequestSyncInternal: Received response with status 200"
SessionID=76ecdfcc-a9cc-4a56-9ed8-a51c250596f0.1643004164138 Timestamp=2022-01-24T13:02:46:085+0700 ThreadID=8764 Component=ngl-lib_HttpRestConnectorForPost Description="SendHttpRequestSync: Request complete"
SessionID=76ecdfcc-a9cc-4a56-9ed8-a51c250596f0.1643004164138 Timestamp=2022-01-24T13:02:46:086+0700 ThreadID=8764 Component=ngl-lib_NglController Description="VerifyAndSetNglWfDirPath: WF executable(s) not found"
SessionID=76ecdfcc-a9cc-4a56-9ed8-a51c250596f0.1643004164138 Timestamp=2022-01-24T13:02:46:086+0700 ThreadID=8764 Component=ngl-lib_NglController Description="SetNglWorkflowParams: Workflow dependencies missing, fallback to IE"
SessionID=76ecdfcc-a9cc-4a56-9ed8-a51c250596f0.1643004164138 Timestamp=2022-01-24T13:02:46:086+0700 ThreadID=8764 Component=ngl-lib_OSUtil Description="SetEmbeddedBrowserVersion: EmbeddedBrowserVersion: IE-11.789.19041.0"
SessionID=76ecdfcc-a9cc-4a56-9ed8-a51c250596f0.1643004164138 Timestamp=2022-01-24T13:02:46:087+0700 ThreadID=8764 Component=ngl-lib_NglController Description="NglController: constructor invoked in 4 license mode, NglRunMode - 0 & ReInitStatus failure"
SessionID=76ecdfcc-a9cc-4a56-9ed8-a51c250596f0.1643004164138 Timestamp=2022-01-24T13:02:46:089+0700 ThreadID=8764 Component=ngl-lib_NGLWorkflow Description="IsIEBrowserWFEnabled: Log IE Browser WF enabled: No"
SessionID=76ecdfcc-a9cc-4a56-9ed8-a51c250596f0.1643004164138 Timestamp=2022-01-24T13:02:46:090+0700 ThreadID=8764 Component=ngl-lib_NglController Description="InitializeProfileUpdates: invoked and running in headed mode"
SessionID=76ecdfcc-a9cc-4a56-9ed8-a51c250596f0.1643004164138 Timestamp=2022-01-24T13:02:46:091+0700 ThreadID=8764 Component=ngl-lib_NglController Description="ExecuteRequest: request id: 1 api: 0 data?: no workflow?: no"
SessionID=76ecdfcc-a9cc-4a56-9ed8-a51c250596f0.1643004164138 Timestamp=2022-01-24T13:02:46:091+0700 ThreadID=8764 Component=ngl-lib_NglController Description="ExecuteRequest: request id: 2 api: 0 data?: no workflow?: no"
SessionID=76ecdfcc-a9cc-4a56-9ed8-a51c250596f0.1643004164138 Timestamp=2022-01-24T13:02:46:091+0700 ThreadID=8764 Component=ngl-lib_NglController Description="InitializeProfileUpdates: Initial internal status = 1"
SessionID=76ecdfcc-a9cc-4a56-9ed8-a51c250596f0.1643004164138 Timestamp=2022-01-24T13:02:46:091+0700 ThreadID=8764 Component=ngl-lib_NglController Description="LogCurrentUser: CachedNotValidated UserID=0"
SessionID=76ecdfcc-a9cc-4a56-9ed8-a51c250596f0.1643004164138 Timestamp=2022-01-24T13:02:46:628+0700 ThreadID=8816 Component=ngl-lib_NglController Description="GetAMTData: invoked"
SessionID=76ecdfcc-a9cc-4a56-9ed8-a51c250596f0.1643004164138 Timestamp=2022-01-24T13:02:46:629+0700 ThreadID=8816 Component=ngl-lib_NglController Description="GetIntersectionOfLocalesList: invoked with Passed locales list as en_US"
SessionID=76ecdfcc-a9cc-4a56-9ed8-a51c250596f0.1643004164138 Timestamp=2022-01-24T13:02:46:629+0700 ThreadID=8816 Component=ngl-lib_NglController Description="GetIntersectionOfLocalesList: Reordered locales list is identical to passed locales as no installed locales were found."
SessionID=76ecdfcc-a9cc-4a56-9ed8-a51c250596f0.1643004164138 Timestamp=2022-01-24T13:02:46:632+0700 ThreadID=8816 Component=ngl-lib_NglController Description="GetProxyCredentials: invoked"
SessionID=76ecdfcc-a9cc-4a56-9ed8-a51c250596f0.1643004164138 Timestamp=2022-01-24T13:02:46:633+0700 ThreadID=8816 Component=ngl-lib_DataStorage Description="GetFromUserStorage error 1168 data not found in storage."
SessionID=76ecdfcc-a9cc-4a56-9ed8-a51c250596f0.1643004164138 Timestamp=2022-01-24T13:02:46:633+0700 ThreadID=8816 Component=ngl-lib_NglCommonLib Description="GetProxyCredentials - returned with : SecureStorageStatus:8 & NglStatusCode:242"
SessionID=76ecdfcc-a9cc-4a56-9ed8-a51c250596f0.1643004164138 Timestamp=2022-01-24T13:02:47:030+0700 ThreadID=8816 Component=ngl-lib_NglController Description="GetAMTData: invoked"
SessionID=76ecdfcc-a9cc-4a56-9ed8-a51c250596f0.1643004164138 Timestamp=2022-01-24T13:02:47:030+0700 ThreadID=8816 Component=ngl-lib_NglController Description="GetIntersectionOfLocalesList: invoked with Passed locales list as en_US,cs_CZ,da_DK,de_DE,es_ES,fi_FI,fr_FR,hr_HR,hu_HU,it_IT,ja_JP,ko_KR,nb_NO,nl_NL,pl_PL,pt_BR,ro_RO,ru_RU,sk_SK,sl_SI,sv_SE,tr_TR,uk_UA,zh_CN,zh_TW,fr_MA,en_AE,en_IL"
SessionID=76ecdfcc-a9cc-4a56-9ed8-a51c250596f0.1643004164138 Timestamp=2022-01-24T13:02:47:030+0700 ThreadID=8816 Component=ngl-lib_NglController Description="GetIntersectionOfLocalesList: Reordered locales list is identical to passed locales as no installed locales were found."
SessionID=76ecdfcc-a9cc-4a56-9ed8-a51c250596f0.1643004164138 Timestamp=2022-01-24T13:02:47:030+0700 ThreadID=8816 Component=ngl-lib_NglController Description="InitializeWorkflows: invoked"
SessionID=76ecdfcc-a9cc-4a56-9ed8-a51c250596f0.1643004164138 Timestamp=2022-01-24T13:02:47:031+0700 ThreadID=8816 Component=ngl-lib_NglAppLib Description="SetAppRuntimeConfig: AppLocale=en_US"
SessionID=76ecdfcc-a9cc-4a56-9ed8-a51c250596f0.1643004164138 Timestamp=2022-01-24T13:02:47:047+0700 ThreadID=8816 Component=ngl-lib_NglController Description="GetNglMenuItems: invoked"
SessionID=76ecdfcc-a9cc-4a56-9ed8-a51c250596f0.1643004164138 Timestamp=2022-01-24T13:02:47:047+0700 ThreadID=5684 Component=ngl-lib_NglController Description="InitialProfileTimer: app is licensed"
SessionID=76ecdfcc-a9cc-4a56-9ed8-a51c250596f0.1643004164138 Timestamp=2022-01-24T13:02:47:049+0700 ThreadID=5560 Component=ngl-lib_DataStorage Description="GetFromUserStorage error 1168 data not found in storage."
SessionID=76ecdfcc-a9cc-4a56-9ed8-a51c250596f0.1643004164138 Timestamp=2022-01-24T13:02:47:060+0700 ThreadID=5560 Component=ngl-lib_NUSecureProfileFetcher Description="GetDeviceTokenAndProfile : invoked"
SessionID=76ecdfcc-a9cc-4a56-9ed8-a51c250596f0.1643004164138 Timestamp=2022-01-24T13:02:47:061+0700 ThreadID=5560 Component=ngl-lib_DataStorage Description="GetFromUserStorage error 1168 data not found in storage."
SessionID=76ecdfcc-a9cc-4a56-9ed8-a51c250596f0.1643004164138 Timestamp=2022-01-24T13:02:47:062+0700 ThreadID=5560 Component=ngl-lib_UserPrincipalDao Description="GetUserPrincipal failed in GetUserProfile, status: 8"
SessionID=76ecdfcc-a9cc-4a56-9ed8-a51c250596f0.1643004164138 Timestamp=2022-01-24T13:02:47:062+0700 ThreadID=5560 Component=ngl-lib_NUSecureProfileFetcher Description="operator () : Blocking initial unauth call for unlicensed app (principal not found)"
SessionID=76ecdfcc-a9cc-4a56-9ed8-a51c250596f0.1643004164138 Timestamp=2022-01-24T13:02:47:062+0700 ThreadID=5560 Component=ngl-lib_NglAppLib ErrorID=255 Description="GetLatestNglProfile Status: Unlicensed apps are denied to reach out to COPS if there is no user signed in"
SessionID=76ecdfcc-a9cc-4a56-9ed8-a51c250596f0.1643004164138 Timestamp=2022-01-24T13:02:47:062+0700 ThreadID=5560 Component=ngl-lib_NglController Description="ProcessV2Profile: request id: 2 api: 0 call-status: 255 profile-status: 403 sequence: initial workflow?: no spinner?: no"
SessionID=76ecdfcc-a9cc-4a56-9ed8-a51c250596f0.1643004164138 Timestamp=2022-01-24T13:02:47:062+0700 ThreadID=5560 Component=ngl-lib_NglController Description="HandleV2Response: Cannot handle undefined response (request 2 type 9 status 403 sequence initial)"
SessionID=76ecdfcc-a9cc-4a56-9ed8-a51c250596f0.1643004164138 Timestamp=2022-01-24T13:02:47:063+0700 ThreadID=5560 Component=ngl-lib_NglController Description="ProcessV2Profile: request id: 2 api: 0 call-status: 255 profile-status: 403 sequence: initial workflow?: no spinner?: no"
SessionID=76ecdfcc-a9cc-4a56-9ed8-a51c250596f0.1643004164138 Timestamp=2022-01-24T13:02:47:063+0700 ThreadID=5560 Component=ngl-lib_NglController Description="ProcessV2Profile: Initial profile fetch failed, use cached profile"
SessionID=76ecdfcc-a9cc-4a56-9ed8-a51c250596f0.1643004164138 Timestamp=2022-01-24T13:02:47:063+0700 ThreadID=5560 Component=ngl-lib_NglController Description="ProcessV2Profile: Initial profile failure: no cache (profile status 1)"
SessionID=76ecdfcc-a9cc-4a56-9ed8-a51c250596f0.1643004164138 Timestamp=2022-01-24T13:02:47:063+0700 ThreadID=5560 Component=ngl-lib_NglController Description="NotifyData: request id: 2 api: 0"
SessionID=76ecdfcc-a9cc-4a56-9ed8-a51c250596f0.1643004164138 Timestamp=2022-01-24T13:02:47:068+0700 ThreadID=5560 Component=ngl-lib_NglController Description="GetProfile: request 2 recieved"
SessionID=76ecdfcc-a9cc-4a56-9ed8-a51c250596f0.1643004164138 Timestamp=2022-01-24T13:02:47:068+0700 ThreadID=5560 Component=ngl-lib_NglController Description="GetProfile: request 2 returned status 403"
SessionID=76ecdfcc-a9cc-4a56-9ed8-a51c250596f0.1643004164138 Timestamp=2022-01-24T13:02:47:071+0700 ThreadID=8816 Component=ngl-lib_NglController Description="GetProfile: request 2 recieved"
SessionID=76ecdfcc-a9cc-4a56-9ed8-a51c250596f0.1643004164138 Timestamp=2022-01-24T13:02:47:071+0700 ThreadID=8816 Component=ngl-lib_NglController Description="GetProfile: request 2 returned status 403"
SessionID=76ecdfcc-a9cc-4a56-9ed8-a51c250596f0.1643004164138 Timestamp=2022-01-24T13:02:47:071+0700 ThreadID=8816 Component=ngl-lib_NglController Description="GetAMTData: invoked"
SessionID=76ecdfcc-a9cc-4a56-9ed8-a51c250596f0.1643004164138 Timestamp=2022-01-24T13:02:47:071+0700 ThreadID=8816 Component=ngl-lib_NglController Description="GetIntersectionOfLocalesList: invoked with Passed locales list as en_US"
SessionID=76ecdfcc-a9cc-4a56-9ed8-a51c250596f0.1643004164138 Timestamp=2022-01-24T13:02:47:071+0700 ThreadID=8816 Component=ngl-lib_NglController Description="GetIntersectionOfLocalesList: Reordered locales list is identical to passed locales as no installed locales were found."
SessionID=76ecdfcc-a9cc-4a56-9ed8-a51c250596f0.1643004164138 Timestamp=2022-01-24T13:02:47:072+0700 ThreadID=8816 Component=ngl-lib_NglController Description="GetProxyCredentials: invoked"
SessionID=76ecdfcc-a9cc-4a56-9ed8-a51c250596f0.1643004164138 Timestamp=2022-01-24T13:02:47:073+0700 ThreadID=8816 Component=ngl-lib_DataStorage Description="GetFromUserStorage error 1168 data not found in storage."
SessionID=76ecdfcc-a9cc-4a56-9ed8-a51c250596f0.1643004164138 Timestamp=2022-01-24T13:02:47:073+0700 ThreadID=8816 Component=ngl-lib_NglCommonLib Description="GetProxyCredentials - returned with : SecureStorageStatus:8 & NglStatusCode:242"
SessionID=76ecdfcc-a9cc-4a56-9ed8-a51c250596f0.1643004164138 Timestamp=2022-01-24T13:02:47:082+0700 ThreadID=8816 Component=ngl-lib_NglController Description="GetProxyCredentials: invoked"
SessionID=76ecdfcc-a9cc-4a56-9ed8-a51c250596f0.1643004164138 Timestamp=2022-01-24T13:02:47:083+0700 ThreadID=8816 Component=ngl-lib_DataStorage Description="GetFromUserStorage error 1168 data not found in storage."
SessionID=76ecdfcc-a9cc-4a56-9ed8-a51c250596f0.1643004164138 Timestamp=2022-01-24T13:02:47:083+0700 ThreadID=8816 Component=ngl-lib_NglCommonLib Description="GetProxyCredentials - returned with : SecureStorageStatus:8 & NglStatusCode:242"
SessionID=76ecdfcc-a9cc-4a56-9ed8-a51c250596f0.1643004164138 Timestamp=2022-01-24T13:02:47:132+0700 ThreadID=8816 Component=ngl-lib_NglController Description="GetCurrentUserEmail: invoked"
SessionID=76ecdfcc-a9cc-4a56-9ed8-a51c250596f0.1643004164138 Timestamp=2022-01-24T13:32:42:645+0700 ThreadID=8816 Component=ngl-lib_NglController Description="GetCurrentUserEmail: invoked"
