SessionID=d3efb66c-c25b-4b54-8186-037013b690cb.1642496270986 Timestamp=2022-01-18T15:57:50:986+0700 ThreadID=9916 Component=ngl-lib_NglAppLib Description="-------- Initializing session logs --------"
SessionID=d3efb66c-c25b-4b54-8186-037013b690cb.1642496270986 Timestamp=2022-01-18T15:57:51:000+0700 ThreadID=9916 Component=ngl-lib_kOperatingConfig Description="GetRuntimeDetails: No operating configs found"
SessionID=d3efb66c-c25b-4b54-8186-037013b690cb.1642496270986 Timestamp=2022-01-18T15:57:51:000+0700 ThreadID=9916 Component=ngl-lib_kOperatingConfig Description="GetRuntimeDetails: Fallback to NAMED_USER_ONLINE!!"
SessionID=d3efb66c-c25b-4b54-8186-037013b690cb.1642496270986 Timestamp=2022-01-18T15:57:51:000+0700 ThreadID=9916 Component=ngl-lib_NglAppLib Description="SetConfig: OS Name=WINDOWS_64, OS Version=10.0.19042.1"
SessionID=d3efb66c-c25b-4b54-8186-037013b690cb.1642496270986 Timestamp=2022-01-18T15:57:51:001+0700 ThreadID=9916 Component=ngl-lib_NglAppLib Description="SetConfig: NGLLibVersion=1.28.0.10, Environment=5, Runtimemode=NAMED_USER_ONLINE, NpdID="
SessionID=d3efb66c-c25b-4b54-8186-037013b690cb.1642496270986 Timestamp=2022-01-18T15:57:51:001+0700 ThreadID=9916 Component=ngl-lib_NglAppLib Description="SetConfig succeeded - SetConfig: ClientID=ngl_acrobat_reader1, AppID=AcrobatReader1, AppVersion=21.11.20039.6, NglRunMode=0"
SessionID=d3efb66c-c25b-4b54-8186-037013b690cb.1642496270986 Timestamp=2022-01-18T15:57:51:002+0700 ThreadID=9916 Component=ngl-lib_NglAppLib Description="SetConfig: Isotropic0.1640312221000.0"
SessionID=d3efb66c-c25b-4b54-8186-037013b690cb.1642496270986 Timestamp=2022-01-18T15:57:51:002+0700 ThreadID=9916 Component=ngl-lib_ NglIngestManager Description="NglIngestManager : Initializing Ingest Manager"
SessionID=d3efb66c-c25b-4b54-8186-037013b690cb.1642496270986 Timestamp=2022-01-18T15:57:51:002+0700 ThreadID=9916 Component=ngl-lib_ NglIngestManager Description="StartIngestService :  Ingest manager started."
SessionID=d3efb66c-c25b-4b54-8186-037013b690cb.1642496270986 Timestamp=2022-01-18T15:57:51:002+0700 ThreadID=11096 Component=ngl-lib_ NglIngestManager Description="ProcessNglIngestEvents : Ingest Process - Started"
SessionID=d3efb66c-c25b-4b54-8186-037013b690cb.1642496270986 Timestamp=2022-01-18T15:57:51:003+0700 ThreadID=7960 Component=ngl-lib_ NglIngestManager Description="MonitorSuccessEventsThread : Ingest Success Event Monitor - Started"
SessionID=d3efb66c-c25b-4b54-8186-037013b690cb.1642496270986 Timestamp=2022-01-18T15:57:51:003+0700 ThreadID=9916 Component=ngl-lib_ NglIngestManager Description="StartIngestService :  Ingest Monitor success thread started."
SessionID=d3efb66c-c25b-4b54-8186-037013b690cb.1642496270986 Timestamp=2022-01-18T15:57:51:003+0700 ThreadID=11096 Component=ngl-lib_ NglIngestManager Description="ProcessNglIngestEvents :  Ingest manager State: Running "
SessionID=d3efb66c-c25b-4b54-8186-037013b690cb.1642496270986 Timestamp=2022-01-18T15:57:51:003+0700 ThreadID=9916 Component=ngl-lib_NglController Description="SetNglWorkflowParams: CEF-Resource AcrobatMode: 1"
SessionID=d3efb66c-c25b-4b54-8186-037013b690cb.1642496270986 Timestamp=2022-01-18T15:57:51:003+0700 ThreadID=9916 Component=ngl-lib_NglController Description="VerifyAndSetNglWfDirPath: Path: \adobe_licensing_wf_acro.exe"
SessionID=d3efb66c-c25b-4b54-8186-037013b690cb.1642496270986 Timestamp=2022-01-18T15:57:51:018+0700 ThreadID=9916 Component=ngl-lib_DataStorage Description="GetFromUserStorage error 1168 data not found in storage."
SessionID=d3efb66c-c25b-4b54-8186-037013b690cb.1642496270986 Timestamp=2022-01-18T15:57:51:018+0700 ThreadID=9916 Component=ngl-lib_UserPrincipalDao Description="GetUserPrincipal failed in GetUserProfile, status: 8"
SessionID=d3efb66c-c25b-4b54-8186-037013b690cb.1642496270986 Timestamp=2022-01-18T15:57:51:018+0700 ThreadID=9916 Component=ngl-lib_ NglIngestManager ErrorID=322 Description="GetAccessToken : Failed to fetch access token"
SessionID=d3efb66c-c25b-4b54-8186-037013b690cb.1642496270986 Timestamp=2022-01-18T15:57:51:021+0700 ThreadID=9916 Component=ngl-lib_DataStorage Description="GetFromUserStorage error 1168 data not found in storage."
SessionID=d3efb66c-c25b-4b54-8186-037013b690cb.1642496270986 Timestamp=2022-01-18T15:57:51:026+0700 ThreadID=9916 Component=ngl-lib_HttpRestConnectorForPost Description="SendHttpRequestSync: Request about to start"
SessionID=d3efb66c-c25b-4b54-8186-037013b690cb.1642496270986 Timestamp=2022-01-18T15:57:51:027+0700 ThreadID=9916 Component=ngl-lib_HttpRestConnectorForPost Description="SendHttpRequestSyncInternal detected Windows version >= 8.1, using auto proxy settings"
SessionID=d3efb66c-c25b-4b54-8186-037013b690cb.1642496270986 Timestamp=2022-01-18T15:57:51:140+0700 ThreadID=9916 Component=ngl-lib_HttpRestConnectorForPost Description="SendHttpRequestSyncInternal: Calling endpoint https://cc-api-data.adobe.io/ingest"
SessionID=d3efb66c-c25b-4b54-8186-037013b690cb.1642496270986 Timestamp=2022-01-18T15:57:52:207+0700 ThreadID=9916 Component=ngl-lib_HttpRestConnectorForPost Description="SendHttpRequestSyncInternal: Received response with status 200"
SessionID=d3efb66c-c25b-4b54-8186-037013b690cb.1642496270986 Timestamp=2022-01-18T15:57:52:261+0700 ThreadID=9916 Component=ngl-lib_HttpRestConnectorForPost Description="SendHttpRequestSync: Request complete"
SessionID=d3efb66c-c25b-4b54-8186-037013b690cb.1642496270986 Timestamp=2022-01-18T15:57:52:262+0700 ThreadID=9916 Component=ngl-lib_NglController Description="VerifyAndSetNglWfDirPath: WF executable(s) not found"
SessionID=d3efb66c-c25b-4b54-8186-037013b690cb.1642496270986 Timestamp=2022-01-18T15:57:52:262+0700 ThreadID=9916 Component=ngl-lib_NglController Description="SetNglWorkflowParams: Workflow dependencies missing, fallback to IE"
SessionID=d3efb66c-c25b-4b54-8186-037013b690cb.1642496270986 Timestamp=2022-01-18T15:57:52:262+0700 ThreadID=9916 Component=ngl-lib_OSUtil Description="SetEmbeddedBrowserVersion: EmbeddedBrowserVersion: IE-11.789.19041.0"
SessionID=d3efb66c-c25b-4b54-8186-037013b690cb.1642496270986 Timestamp=2022-01-18T15:57:52:262+0700 ThreadID=9916 Component=ngl-lib_NglController Description="NglController: constructor invoked in 4 license mode, NglRunMode - 0 & ReInitStatus failure"
SessionID=d3efb66c-c25b-4b54-8186-037013b690cb.1642496270986 Timestamp=2022-01-18T15:57:52:266+0700 ThreadID=9916 Component=ngl-lib_NGLWorkflow Description="IsIEBrowserWFEnabled: Log IE Browser WF enabled: No"
SessionID=d3efb66c-c25b-4b54-8186-037013b690cb.1642496270986 Timestamp=2022-01-18T15:57:52:267+0700 ThreadID=9916 Component=ngl-lib_NglController Description="InitializeProfileUpdates: invoked and running in headed mode"
SessionID=d3efb66c-c25b-4b54-8186-037013b690cb.1642496270986 Timestamp=2022-01-18T15:57:52:267+0700 ThreadID=9916 Component=ngl-lib_NglController Description="ExecuteRequest: request id: 1 api: 0 data?: no workflow?: no"
SessionID=d3efb66c-c25b-4b54-8186-037013b690cb.1642496270986 Timestamp=2022-01-18T15:57:52:267+0700 ThreadID=9916 Component=ngl-lib_NglController Description="ExecuteRequest: request id: 2 api: 0 data?: no workflow?: no"
SessionID=d3efb66c-c25b-4b54-8186-037013b690cb.1642496270986 Timestamp=2022-01-18T15:57:52:268+0700 ThreadID=9916 Component=ngl-lib_NglController Description="InitializeProfileUpdates: Initial internal status = 1"
SessionID=d3efb66c-c25b-4b54-8186-037013b690cb.1642496270986 Timestamp=2022-01-18T15:57:52:268+0700 ThreadID=9916 Component=ngl-lib_NglController Description="LogCurrentUser: CachedNotValidated UserID=0"
SessionID=d3efb66c-c25b-4b54-8186-037013b690cb.1642496270986 Timestamp=2022-01-18T15:57:52:554+0700 ThreadID=6968 Component=ngl-lib_NglController Description="GetAMTData: invoked"
SessionID=d3efb66c-c25b-4b54-8186-037013b690cb.1642496270986 Timestamp=2022-01-18T15:57:52:554+0700 ThreadID=6968 Component=ngl-lib_NglController Description="GetIntersectionOfLocalesList: invoked with Passed locales list as en_US"
SessionID=d3efb66c-c25b-4b54-8186-037013b690cb.1642496270986 Timestamp=2022-01-18T15:57:52:554+0700 ThreadID=6968 Component=ngl-lib_NglController Description="GetIntersectionOfLocalesList: Reordered locales list is identical to passed locales as no installed locales were found."
SessionID=d3efb66c-c25b-4b54-8186-037013b690cb.1642496270986 Timestamp=2022-01-18T15:57:52:557+0700 ThreadID=6968 Component=ngl-lib_NglController Description="GetProxyCredentials: invoked"
SessionID=d3efb66c-c25b-4b54-8186-037013b690cb.1642496270986 Timestamp=2022-01-18T15:57:52:565+0700 ThreadID=6968 Component=ngl-lib_DataStorage Description="GetFromUserStorage error 1168 data not found in storage."
SessionID=d3efb66c-c25b-4b54-8186-037013b690cb.1642496270986 Timestamp=2022-01-18T15:57:52:565+0700 ThreadID=6968 Component=ngl-lib_NglCommonLib Description="GetProxyCredentials - returned with : SecureStorageStatus:8 & NglStatusCode:242"
SessionID=d3efb66c-c25b-4b54-8186-037013b690cb.1642496270986 Timestamp=2022-01-18T15:57:53:149+0700 ThreadID=6968 Component=ngl-lib_NglController Description="GetAMTData: invoked"
SessionID=d3efb66c-c25b-4b54-8186-037013b690cb.1642496270986 Timestamp=2022-01-18T15:57:53:149+0700 ThreadID=6968 Component=ngl-lib_NglController Description="GetIntersectionOfLocalesList: invoked with Passed locales list as en_US,cs_CZ,da_DK,de_DE,es_ES,fi_FI,fr_FR,hr_HR,hu_HU,it_IT,ja_JP,ko_KR,nb_NO,nl_NL,pl_PL,pt_BR,ro_RO,ru_RU,sk_SK,sl_SI,sv_SE,tr_TR,uk_UA,zh_CN,zh_TW,fr_MA,en_AE,en_IL"
SessionID=d3efb66c-c25b-4b54-8186-037013b690cb.1642496270986 Timestamp=2022-01-18T15:57:53:149+0700 ThreadID=6968 Component=ngl-lib_NglController Description="GetIntersectionOfLocalesList: Reordered locales list is identical to passed locales as no installed locales were found."
SessionID=d3efb66c-c25b-4b54-8186-037013b690cb.1642496270986 Timestamp=2022-01-18T15:57:53:150+0700 ThreadID=6968 Component=ngl-lib_NglController Description="InitializeWorkflows: invoked"
SessionID=d3efb66c-c25b-4b54-8186-037013b690cb.1642496270986 Timestamp=2022-01-18T15:57:53:150+0700 ThreadID=6968 Component=ngl-lib_NglAppLib Description="SetAppRuntimeConfig: AppLocale=en_US"
SessionID=d3efb66c-c25b-4b54-8186-037013b690cb.1642496270986 Timestamp=2022-01-18T15:57:53:162+0700 ThreadID=10808 Component=ngl-lib_NglController Description="InitialProfileTimer: app is licensed"
SessionID=d3efb66c-c25b-4b54-8186-037013b690cb.1642496270986 Timestamp=2022-01-18T15:57:53:163+0700 ThreadID=6968 Component=ngl-lib_NglController Description="GetNglMenuItems: invoked"
SessionID=d3efb66c-c25b-4b54-8186-037013b690cb.1642496270986 Timestamp=2022-01-18T15:57:53:175+0700 ThreadID=10808 Component=ngl-lib_DataStorage Description="GetFromUserStorage error 1168 data not found in storage."
SessionID=d3efb66c-c25b-4b54-8186-037013b690cb.1642496270986 Timestamp=2022-01-18T15:57:53:192+0700 ThreadID=10808 Component=ngl-lib_NUSecureProfileFetcher Description="GetDeviceTokenAndProfile : invoked"
SessionID=d3efb66c-c25b-4b54-8186-037013b690cb.1642496270986 Timestamp=2022-01-18T15:57:53:193+0700 ThreadID=10808 Component=ngl-lib_DataStorage Description="GetFromUserStorage error 1168 data not found in storage."
SessionID=d3efb66c-c25b-4b54-8186-037013b690cb.1642496270986 Timestamp=2022-01-18T15:57:53:193+0700 ThreadID=10808 Component=ngl-lib_UserPrincipalDao Description="GetUserPrincipal failed in GetUserProfile, status: 8"
SessionID=d3efb66c-c25b-4b54-8186-037013b690cb.1642496270986 Timestamp=2022-01-18T15:57:53:193+0700 ThreadID=10808 Component=ngl-lib_NUSecureProfileFetcher Description="operator () : Blocking initial unauth call for unlicensed app (principal not found)"
SessionID=d3efb66c-c25b-4b54-8186-037013b690cb.1642496270986 Timestamp=2022-01-18T15:57:53:193+0700 ThreadID=10808 Component=ngl-lib_NglAppLib ErrorID=255 Description="GetLatestNglProfile Status: Unlicensed apps are denied to reach out to COPS if there is no user signed in"
SessionID=d3efb66c-c25b-4b54-8186-037013b690cb.1642496270986 Timestamp=2022-01-18T15:57:53:194+0700 ThreadID=10808 Component=ngl-lib_NglController Description="ProcessV2Profile: request id: 2 api: 0 call-status: 255 profile-status: 403 sequence: initial workflow?: no spinner?: no"
SessionID=d3efb66c-c25b-4b54-8186-037013b690cb.1642496270986 Timestamp=2022-01-18T15:57:53:194+0700 ThreadID=10808 Component=ngl-lib_NglController Description="HandleV2Response: Cannot handle undefined response (request 2 type 9 status 403 sequence initial)"
SessionID=d3efb66c-c25b-4b54-8186-037013b690cb.1642496270986 Timestamp=2022-01-18T15:57:53:194+0700 ThreadID=10808 Component=ngl-lib_NglController Description="ProcessV2Profile: request id: 2 api: 0 call-status: 255 profile-status: 403 sequence: initial workflow?: no spinner?: no"
SessionID=d3efb66c-c25b-4b54-8186-037013b690cb.1642496270986 Timestamp=2022-01-18T15:57:53:194+0700 ThreadID=10808 Component=ngl-lib_NglController Description="ProcessV2Profile: Initial profile fetch failed, use cached profile"
SessionID=d3efb66c-c25b-4b54-8186-037013b690cb.1642496270986 Timestamp=2022-01-18T15:57:53:194+0700 ThreadID=10808 Component=ngl-lib_NglController Description="ProcessV2Profile: Initial profile failure: no cache (profile status 1)"
SessionID=d3efb66c-c25b-4b54-8186-037013b690cb.1642496270986 Timestamp=2022-01-18T15:57:53:194+0700 ThreadID=10808 Component=ngl-lib_NglController Description="NotifyData: request id: 2 api: 0"
SessionID=d3efb66c-c25b-4b54-8186-037013b690cb.1642496270986 Timestamp=2022-01-18T15:57:53:206+0700 ThreadID=10808 Component=ngl-lib_NglController Description="GetProfile: request 2 recieved"
SessionID=d3efb66c-c25b-4b54-8186-037013b690cb.1642496270986 Timestamp=2022-01-18T15:57:53:207+0700 ThreadID=10808 Component=ngl-lib_NglController Description="GetProfile: request 2 returned status 403"
SessionID=d3efb66c-c25b-4b54-8186-037013b690cb.1642496270986 Timestamp=2022-01-18T15:57:53:291+0700 ThreadID=6968 Component=ngl-lib_NglController Description="GetProfile: request 2 recieved"
SessionID=d3efb66c-c25b-4b54-8186-037013b690cb.1642496270986 Timestamp=2022-01-18T15:57:53:292+0700 ThreadID=6968 Component=ngl-lib_NglController Description="GetProfile: request 2 returned status 403"
SessionID=d3efb66c-c25b-4b54-8186-037013b690cb.1642496270986 Timestamp=2022-01-18T15:57:53:292+0700 ThreadID=6968 Component=ngl-lib_NglController Description="GetAMTData: invoked"
SessionID=d3efb66c-c25b-4b54-8186-037013b690cb.1642496270986 Timestamp=2022-01-18T15:57:53:292+0700 ThreadID=6968 Component=ngl-lib_NglController Description="GetIntersectionOfLocalesList: invoked with Passed locales list as en_US"
SessionID=d3efb66c-c25b-4b54-8186-037013b690cb.1642496270986 Timestamp=2022-01-18T15:57:53:292+0700 ThreadID=6968 Component=ngl-lib_NglController Description="GetIntersectionOfLocalesList: Reordered locales list is identical to passed locales as no installed locales were found."
SessionID=d3efb66c-c25b-4b54-8186-037013b690cb.1642496270986 Timestamp=2022-01-18T15:57:53:292+0700 ThreadID=6968 Component=ngl-lib_NglController Description="GetProxyCredentials: invoked"
SessionID=d3efb66c-c25b-4b54-8186-037013b690cb.1642496270986 Timestamp=2022-01-18T15:57:53:293+0700 ThreadID=6968 Component=ngl-lib_DataStorage Description="GetFromUserStorage error 1168 data not found in storage."
SessionID=d3efb66c-c25b-4b54-8186-037013b690cb.1642496270986 Timestamp=2022-01-18T15:57:53:294+0700 ThreadID=6968 Component=ngl-lib_NglCommonLib Description="GetProxyCredentials - returned with : SecureStorageStatus:8 & NglStatusCode:242"
SessionID=d3efb66c-c25b-4b54-8186-037013b690cb.1642496270986 Timestamp=2022-01-18T15:57:53:299+0700 ThreadID=6968 Component=ngl-lib_NglController Description="GetProxyCredentials: invoked"
SessionID=d3efb66c-c25b-4b54-8186-037013b690cb.1642496270986 Timestamp=2022-01-18T15:57:53:300+0700 ThreadID=6968 Component=ngl-lib_DataStorage Description="GetFromUserStorage error 1168 data not found in storage."
SessionID=d3efb66c-c25b-4b54-8186-037013b690cb.1642496270986 Timestamp=2022-01-18T15:57:53:300+0700 ThreadID=6968 Component=ngl-lib_NglCommonLib Description="GetProxyCredentials - returned with : SecureStorageStatus:8 & NglStatusCode:242"
SessionID=d3efb66c-c25b-4b54-8186-037013b690cb.1642496270986 Timestamp=2022-01-18T15:57:53:309+0700 ThreadID=6968 Component=ngl-lib_NglController Description="GetCurrentUserEmail: invoked"
SessionID=d3efb66c-c25b-4b54-8186-037013b690cb.1642496270986 Timestamp=2022-01-18T15:58:36:284+0700 ThreadID=6968 Component=ngl-lib_ NglIngestManager Description="CleanEventQ : Cleared Ingest Event"
SessionID=d3efb66c-c25b-4b54-8186-037013b690cb.1642496270986 Timestamp=2022-01-18T15:58:36:285+0700 ThreadID=7960 Component=ngl-lib_ NglIngestManager Description="MonitorSuccessEventsThread : Ingest Success Event Monitor - Finished"
SessionID=d3efb66c-c25b-4b54-8186-037013b690cb.1642496270986 Timestamp=2022-01-18T15:58:36:285+0700 ThreadID=11096 Component=ngl-lib_ NglIngestManager Description="ProcessNglIngestEvents : Ingest Process - Finished"
SessionID=d3efb66c-c25b-4b54-8186-037013b690cb.1642496270986 Timestamp=2022-01-18T15:58:36:285+0700 ThreadID=6968 Component=ngl-lib_ NglIngestManager Description="~NglIngestManager :  Ingest manager destroyed successfully."
SessionID=d3efb66c-c25b-4b54-8186-037013b690cb.1642496270986 Timestamp=2022-01-18T15:58:36:285+0700 ThreadID=6968 Component=ngl-lib_ NglIngestManager Description="Shutdown :  Ingest manager shutdown."
SessionID=d3efb66c-c25b-4b54-8186-037013b690cb.1642496270986 Timestamp=2022-01-18T15:58:36:285+0700 ThreadID=6968 Component=ngl-lib_HttpRequest Description="CancelAllRequests Invoked"
SessionID=d3efb66c-c25b-4b54-8186-037013b690cb.1642496270986 Timestamp=2022-01-18T15:58:36:285+0700 ThreadID=6968 Component=ngl-lib_NglController Description="-------- Terminating session logs --------"
